<?xml version="1.0" encoding="UTF-8"?>
<testsuite xmlns:xsi="http://www.w3.org/2001/XMLSchema-instance" xsi:noNamespaceSchemaLocation="https://maven.apache.org/surefire/maven-surefire-plugin/xsd/surefire-test-report.xsd" name="com.yidong.zhihu.ZhihuApplicationTests" time="4.238" tests="1" errors="0" skipped="0" failures="0">
  <properties>
    <property name="sun.desktop" value="windows"/>
    <property name="awt.toolkit" value="sun.awt.windows.WToolkit"/>
    <property name="file.encoding.pkg" value="sun.io"/>
    <property name="java.specification.version" value="1.8"/>
    <property name="sun.cpu.isalist" value="amd64"/>
    <property name="sun.jnu.encoding" value="GBK"/>
    <property name="java.class.path" value="C:\Users\iamhe\IdeaProjects\zhihu\target\test-classes;C:\Users\iamhe\IdeaProjects\zhihu\target\classes;C:\maven\apache-maven-3.6.3\respository_zhihu_real\com\alibaba\fastjson\1.2.30\fastjson-1.2.30.jar;C:\maven\apache-maven-3.6.3\respository_zhihu_real\org\apache\commons\commons-pool2\2.8.0\commons-pool2-2.8.0.jar;C:\maven\apache-maven-3.6.3\respository_zhihu_real\com\auth0\java-jwt\3.7.0\java-jwt-3.7.0.jar;C:\maven\apache-maven-3.6.3\respository_zhihu_real\com\fasterxml\jackson\core\jackson-databind\2.11.1\jackson-databind-2.11.1.jar;C:\maven\apache-maven-3.6.3\respository_zhihu_real\com\fasterxml\jackson\core\jackson-annotations\2.11.1\jackson-annotations-2.11.1.jar;C:\maven\apache-maven-3.6.3\respository_zhihu_real\com\fasterxml\jackson\core\jackson-core\2.11.1\jackson-core-2.11.1.jar;C:\maven\apache-maven-3.6.3\respository_zhihu_real\commons-codec\commons-codec\1.14\commons-codec-1.14.jar;C:\maven\apache-maven-3.6.3\respository_zhihu_real\org\mybatis\spring\boot\mybatis-spring-boot-starter\2.1.3\mybatis-spring-boot-starter-2.1.3.jar;C:\maven\apache-maven-3.6.3\respository_zhihu_real\org\springframework\boot\spring-boot-starter\2.3.2.RELEASE\spring-boot-starter-2.3.2.RELEASE.jar;C:\maven\apache-maven-3.6.3\respository_zhihu_real\org\springframework\boot\spring-boot-starter-logging\2.3.2.RELEASE\spring-boot-starter-logging-2.3.2.RELEASE.jar;C:\maven\apache-maven-3.6.3\respository_zhihu_real\ch\qos\logback\logback-classic\1.2.3\logback-classic-1.2.3.jar;C:\maven\apache-maven-3.6.3\respository_zhihu_real\ch\qos\logback\logback-core\1.2.3\logback-core-1.2.3.jar;C:\maven\apache-maven-3.6.3\respository_zhihu_real\org\apache\logging\log4j\log4j-to-slf4j\2.13.3\log4j-to-slf4j-2.13.3.jar;C:\maven\apache-maven-3.6.3\respository_zhihu_real\org\apache\logging\log4j\log4j-api\2.13.3\log4j-api-2.13.3.jar;C:\maven\apache-maven-3.6.3\respository_zhihu_real\org\slf4j\jul-to-slf4j\1.7.30\jul-to-slf4j-1.7.30.jar;C:\maven\apache-maven-3.6.3\respository_zhihu_real\jakarta\annotation\jakarta.annotation-api\1.3.5\jakarta.annotation-api-1.3.5.jar;C:\maven\apache-maven-3.6.3\respository_zhihu_real\org\yaml\snakeyaml\1.26\snakeyaml-1.26.jar;C:\maven\apache-maven-3.6.3\respository_zhihu_real\org\mybatis\spring\boot\mybatis-spring-boot-autoconfigure\2.1.3\mybatis-spring-boot-autoconfigure-2.1.3.jar;C:\maven\apache-maven-3.6.3\respository_zhihu_real\org\mybatis\mybatis\3.5.5\mybatis-3.5.5.jar;C:\maven\apache-maven-3.6.3\respository_zhihu_real\org\mybatis\mybatis-spring\2.0.5\mybatis-spring-2.0.5.jar;C:\maven\apache-maven-3.6.3\respository_zhihu_real\com\alibaba\druid\1.1.19\druid-1.1.19.jar;C:\maven\apache-maven-3.6.3\respository_zhihu_real\com\github\pagehelper\pagehelper-spring-boot-starter\1.2.5\pagehelper-spring-boot-starter-1.2.5.jar;C:\maven\apache-maven-3.6.3\respository_zhihu_real\com\github\pagehelper\pagehelper-spring-boot-autoconfigure\1.2.5\pagehelper-spring-boot-autoconfigure-1.2.5.jar;C:\maven\apache-maven-3.6.3\respository_zhihu_real\com\github\pagehelper\pagehelper\5.1.4\pagehelper-5.1.4.jar;C:\maven\apache-maven-3.6.3\respository_zhihu_real\com\github\jsqlparser\jsqlparser\1.0\jsqlparser-1.0.jar;C:\maven\apache-maven-3.6.3\respository_zhihu_real\org\springframework\boot\spring-boot-devtools\2.3.2.RELEASE\spring-boot-devtools-2.3.2.RELEASE.jar;C:\maven\apache-maven-3.6.3\respository_zhihu_real\org\springframework\boot\spring-boot\2.3.2.RELEASE\spring-boot-2.3.2.RELEASE.jar;C:\maven\apache-maven-3.6.3\respository_zhihu_real\org\springframework\spring-context\5.2.8.RELEASE\spring-context-5.2.8.RELEASE.jar;C:\maven\apache-maven-3.6.3\respository_zhihu_real\org\springframework\boot\spring-boot-autoconfigure\2.3.2.RELEASE\spring-boot-autoconfigure-2.3.2.RELEASE.jar;C:\maven\apache-maven-3.6.3\respository_zhihu_real\org\springframework\boot\spring-boot-starter-data-redis\2.3.2.RELEASE\spring-boot-starter-data-redis-2.3.2.RELEASE.jar;C:\maven\apache-maven-3.6.3\respository_zhihu_real\org\springframework\data\spring-data-redis\2.3.2.RELEASE\spring-data-redis-2.3.2.RELEASE.jar;C:\maven\apache-maven-3.6.3\respository_zhihu_real\org\springframework\data\spring-data-keyvalue\2.3.2.RELEASE\spring-data-keyvalue-2.3.2.RELEASE.jar;C:\maven\apache-maven-3.6.3\respository_zhihu_real\org\springframework\data\spring-data-commons\2.3.2.RELEASE\spring-data-commons-2.3.2.RELEASE.jar;C:\maven\apache-maven-3.6.3\respository_zhihu_real\org\springframework\spring-tx\5.2.8.RELEASE\spring-tx-5.2.8.RELEASE.jar;C:\maven\apache-maven-3.6.3\respository_zhihu_real\org\springframework\spring-oxm\5.2.8.RELEASE\spring-oxm-5.2.8.RELEASE.jar;C:\maven\apache-maven-3.6.3\respository_zhihu_real\org\slf4j\slf4j-api\1.7.30\slf4j-api-1.7.30.jar;C:\maven\apache-maven-3.6.3\respository_zhihu_real\io\lettuce\lettuce-core\5.3.2.RELEASE\lettuce-core-5.3.2.RELEASE.jar;C:\maven\apache-maven-3.6.3\respository_zhihu_real\io\netty\netty-common\4.1.51.Final\netty-common-4.1.51.Final.jar;C:\maven\apache-maven-3.6.3\respository_zhihu_real\io\netty\netty-handler\4.1.51.Final\netty-handler-4.1.51.Final.jar;C:\maven\apache-maven-3.6.3\respository_zhihu_real\io\netty\netty-resolver\4.1.51.Final\netty-resolver-4.1.51.Final.jar;C:\maven\apache-maven-3.6.3\respository_zhihu_real\io\netty\netty-buffer\4.1.51.Final\netty-buffer-4.1.51.Final.jar;C:\maven\apache-maven-3.6.3\respository_zhihu_real\io\netty\netty-codec\4.1.51.Final\netty-codec-4.1.51.Final.jar;C:\maven\apache-maven-3.6.3\respository_zhihu_real\io\netty\netty-transport\4.1.51.Final\netty-transport-4.1.51.Final.jar;C:\maven\apache-maven-3.6.3\respository_zhihu_real\io\projectreactor\reactor-core\3.3.8.RELEASE\reactor-core-3.3.8.RELEASE.jar;C:\maven\apache-maven-3.6.3\respository_zhihu_real\org\reactivestreams\reactive-streams\1.0.3\reactive-streams-1.0.3.jar;C:\maven\apache-maven-3.6.3\respository_zhihu_real\org\springframework\boot\spring-boot-starter-jdbc\2.3.2.RELEASE\spring-boot-starter-jdbc-2.3.2.RELEASE.jar;C:\maven\apache-maven-3.6.3\respository_zhihu_real\com\zaxxer\HikariCP\3.4.5\HikariCP-3.4.5.jar;C:\maven\apache-maven-3.6.3\respository_zhihu_real\org\springframework\spring-jdbc\5.2.8.RELEASE\spring-jdbc-5.2.8.RELEASE.jar;C:\maven\apache-maven-3.6.3\respository_zhihu_real\org\springframework\spring-beans\5.2.8.RELEASE\spring-beans-5.2.8.RELEASE.jar;C:\maven\apache-maven-3.6.3\respository_zhihu_real\mysql\mysql-connector-java\5.1.38\mysql-connector-java-5.1.38.jar;C:\maven\apache-maven-3.6.3\respository_zhihu_real\org\projectlombok\lombok\1.18.12\lombok-1.18.12.jar;C:\maven\apache-maven-3.6.3\respository_zhihu_real\org\springframework\boot\spring-boot-starter-test\2.3.2.RELEASE\spring-boot-starter-test-2.3.2.RELEASE.jar;C:\maven\apache-maven-3.6.3\respository_zhihu_real\org\springframework\boot\spring-boot-test\2.3.2.RELEASE\spring-boot-test-2.3.2.RELEASE.jar;C:\maven\apache-maven-3.6.3\respository_zhihu_real\org\springframework\boot\spring-boot-test-autoconfigure\2.3.2.RELEASE\spring-boot-test-autoconfigure-2.3.2.RELEASE.jar;C:\maven\apache-maven-3.6.3\respository_zhihu_real\com\jayway\jsonpath\json-path\2.4.0\json-path-2.4.0.jar;C:\maven\apache-maven-3.6.3\respository_zhihu_real\net\minidev\json-smart\2.3\json-smart-2.3.jar;C:\maven\apache-maven-3.6.3\respository_zhihu_real\net\minidev\accessors-smart\1.2\accessors-smart-1.2.jar;C:\maven\apache-maven-3.6.3\respository_zhihu_real\org\ow2\asm\asm\5.0.4\asm-5.0.4.jar;C:\maven\apache-maven-3.6.3\respository_zhihu_real\jakarta\xml\bind\jakarta.xml.bind-api\2.3.3\jakarta.xml.bind-api-2.3.3.jar;C:\maven\apache-maven-3.6.3\respository_zhihu_real\jakarta\activation\jakarta.activation-api\1.2.2\jakarta.activation-api-1.2.2.jar;C:\maven\apache-maven-3.6.3\respository_zhihu_real\org\assertj\assertj-core\3.16.1\assertj-core-3.16.1.jar;C:\maven\apache-maven-3.6.3\respository_zhihu_real\org\hamcrest\hamcrest\2.2\hamcrest-2.2.jar;C:\maven\apache-maven-3.6.3\respository_zhihu_real\org\junit\jupiter\junit-jupiter\5.6.2\junit-jupiter-5.6.2.jar;C:\maven\apache-maven-3.6.3\respository_zhihu_real\org\junit\jupiter\junit-jupiter-api\5.6.2\junit-jupiter-api-5.6.2.jar;C:\maven\apache-maven-3.6.3\respository_zhihu_real\org\apiguardian\apiguardian-api\1.1.0\apiguardian-api-1.1.0.jar;C:\maven\apache-maven-3.6.3\respository_zhihu_real\org\opentest4j\opentest4j\1.2.0\opentest4j-1.2.0.jar;C:\maven\apache-maven-3.6.3\respository_zhihu_real\org\junit\platform\junit-platform-commons\1.6.2\junit-platform-commons-1.6.2.jar;C:\maven\apache-maven-3.6.3\respository_zhihu_real\org\junit\jupiter\junit-jupiter-params\5.6.2\junit-jupiter-params-5.6.2.jar;C:\maven\apache-maven-3.6.3\respository_zhihu_real\org\junit\jupiter\junit-jupiter-engine\5.6.2\junit-jupiter-engine-5.6.2.jar;C:\maven\apache-maven-3.6.3\respository_zhihu_real\org\junit\platform\junit-platform-engine\1.6.2\junit-platform-engine-1.6.2.jar;C:\maven\apache-maven-3.6.3\respository_zhihu_real\org\mockito\mockito-core\3.3.3\mockito-core-3.3.3.jar;C:\maven\apache-maven-3.6.3\respository_zhihu_real\net\bytebuddy\byte-buddy\1.10.13\byte-buddy-1.10.13.jar;C:\maven\apache-maven-3.6.3\respository_zhihu_real\net\bytebuddy\byte-buddy-agent\1.10.13\byte-buddy-agent-1.10.13.jar;C:\maven\apache-maven-3.6.3\respository_zhihu_real\org\objenesis\objenesis\2.6\objenesis-2.6.jar;C:\maven\apache-maven-3.6.3\respository_zhihu_real\org\mockito\mockito-junit-jupiter\3.3.3\mockito-junit-jupiter-3.3.3.jar;C:\maven\apache-maven-3.6.3\respository_zhihu_real\org\skyscreamer\jsonassert\1.5.0\jsonassert-1.5.0.jar;C:\maven\apache-maven-3.6.3\respository_zhihu_real\com\vaadin\external\google\android-json\0.0.20131108.vaadin1\android-json-0.0.20131108.vaadin1.jar;C:\maven\apache-maven-3.6.3\respository_zhihu_real\org\springframework\spring-core\5.2.8.RELEASE\spring-core-5.2.8.RELEASE.jar;C:\maven\apache-maven-3.6.3\respository_zhihu_real\org\springframework\spring-jcl\5.2.8.RELEASE\spring-jcl-5.2.8.RELEASE.jar;C:\maven\apache-maven-3.6.3\respository_zhihu_real\org\springframework\spring-test\5.2.8.RELEASE\spring-test-5.2.8.RELEASE.jar;C:\maven\apache-maven-3.6.3\respository_zhihu_real\org\xmlunit\xmlunit-core\2.7.0\xmlunit-core-2.7.0.jar;C:\maven\apache-maven-3.6.3\respository_zhihu_real\org\springframework\boot\spring-boot-starter-aop\2.3.2.RELEASE\spring-boot-starter-aop-2.3.2.RELEASE.jar;C:\maven\apache-maven-3.6.3\respository_zhihu_real\org\springframework\spring-aop\5.2.8.RELEASE\spring-aop-5.2.8.RELEASE.jar;C:\maven\apache-maven-3.6.3\respository_zhihu_real\org\aspectj\aspectjweaver\1.9.6\aspectjweaver-1.9.6.jar;C:\maven\apache-maven-3.6.3\respository_zhihu_real\org\springframework\boot\spring-boot-starter-web\2.3.2.RELEASE\spring-boot-starter-web-2.3.2.RELEASE.jar;C:\maven\apache-maven-3.6.3\respository_zhihu_real\org\springframework\boot\spring-boot-starter-json\2.3.2.RELEASE\spring-boot-starter-json-2.3.2.RELEASE.jar;C:\maven\apache-maven-3.6.3\respository_zhihu_real\com\fasterxml\jackson\datatype\jackson-datatype-jdk8\2.11.1\jackson-datatype-jdk8-2.11.1.jar;C:\maven\apache-maven-3.6.3\respository_zhihu_real\com\fasterxml\jackson\datatype\jackson-datatype-jsr310\2.11.1\jackson-datatype-jsr310-2.11.1.jar;C:\maven\apache-maven-3.6.3\respository_zhihu_real\com\fasterxml\jackson\module\jackson-module-parameter-names\2.11.1\jackson-module-parameter-names-2.11.1.jar;C:\maven\apache-maven-3.6.3\respository_zhihu_real\org\springframework\boot\spring-boot-starter-tomcat\2.3.2.RELEASE\spring-boot-starter-tomcat-2.3.2.RELEASE.jar;C:\maven\apache-maven-3.6.3\respository_zhihu_real\org\apache\tomcat\embed\tomcat-embed-core\9.0.37\tomcat-embed-core-9.0.37.jar;C:\maven\apache-maven-3.6.3\respository_zhihu_real\org\glassfish\jakarta.el\3.0.3\jakarta.el-3.0.3.jar;C:\maven\apache-maven-3.6.3\respository_zhihu_real\org\apache\tomcat\embed\tomcat-embed-websocket\9.0.37\tomcat-embed-websocket-9.0.37.jar;C:\maven\apache-maven-3.6.3\respository_zhihu_real\org\springframework\spring-web\5.2.8.RELEASE\spring-web-5.2.8.RELEASE.jar;C:\maven\apache-maven-3.6.3\respository_zhihu_real\org\springframework\spring-webmvc\5.2.8.RELEASE\spring-webmvc-5.2.8.RELEASE.jar;C:\maven\apache-maven-3.6.3\respository_zhihu_real\org\springframework\spring-expression\5.2.8.RELEASE\spring-expression-5.2.8.RELEASE.jar;C:\maven\apache-maven-3.6.3\respository_zhihu_real\org\springframework\boot\spring-boot-starter-mail\2.3.2.RELEASE\spring-boot-starter-mail-2.3.2.RELEASE.jar;C:\maven\apache-maven-3.6.3\respository_zhihu_real\org\springframework\spring-context-support\5.2.8.RELEASE\spring-context-support-5.2.8.RELEASE.jar;C:\maven\apache-maven-3.6.3\respository_zhihu_real\com\sun\mail\jakarta.mail\1.6.5\jakarta.mail-1.6.5.jar;C:\maven\apache-maven-3.6.3\respository_zhihu_real\com\sun\activation\jakarta.activation\1.2.2\jakarta.activation-1.2.2.jar;"/>
    <property name="java.vm.vendor" value="Oracle Corporation"/>
    <property name="sun.arch.data.model" value="64"/>
    <property name="user.variant" value=""/>
    <property name="java.vendor.url" value="http://java.oracle.com/"/>
    <property name="user.timezone" value="Asia/Shanghai"/>
    <property name="java.vm.specification.version" value="1.8"/>
    <property name="os.name" value="Windows 10"/>
    <property name="user.country" value="CN"/>
    <property name="sun.java.launcher" value="SUN_STANDARD"/>
    <property name="sun.boot.library.path" value="C:\Users\javapacks\jdk1.8.0_201\jre\bin"/>
    <property name="sun.java.command" value="C:\Users\iamhe\AppData\Local\Temp\surefire5527805890074653061\surefirebooter2329310004057823115.jar C:\Users\iamhe\AppData\Local\Temp\surefire5527805890074653061 2020-11-15T11-03-28_220-jvmRun1 surefire886400371786314787tmp surefire_03304007742315691487tmp"/>
    <property name="surefire.test.class.path" value="C:\Users\iamhe\IdeaProjects\zhihu\target\test-classes;C:\Users\iamhe\IdeaProjects\zhihu\target\classes;C:\maven\apache-maven-3.6.3\respository_zhihu_real\com\alibaba\fastjson\1.2.30\fastjson-1.2.30.jar;C:\maven\apache-maven-3.6.3\respository_zhihu_real\org\apache\commons\commons-pool2\2.8.0\commons-pool2-2.8.0.jar;C:\maven\apache-maven-3.6.3\respository_zhihu_real\com\auth0\java-jwt\3.7.0\java-jwt-3.7.0.jar;C:\maven\apache-maven-3.6.3\respository_zhihu_real\com\fasterxml\jackson\core\jackson-databind\2.11.1\jackson-databind-2.11.1.jar;C:\maven\apache-maven-3.6.3\respository_zhihu_real\com\fasterxml\jackson\core\jackson-annotations\2.11.1\jackson-annotations-2.11.1.jar;C:\maven\apache-maven-3.6.3\respository_zhihu_real\com\fasterxml\jackson\core\jackson-core\2.11.1\jackson-core-2.11.1.jar;C:\maven\apache-maven-3.6.3\respository_zhihu_real\commons-codec\commons-codec\1.14\commons-codec-1.14.jar;C:\maven\apache-maven-3.6.3\respository_zhihu_real\org\mybatis\spring\boot\mybatis-spring-boot-starter\2.1.3\mybatis-spring-boot-starter-2.1.3.jar;C:\maven\apache-maven-3.6.3\respository_zhihu_real\org\springframework\boot\spring-boot-starter\2.3.2.RELEASE\spring-boot-starter-2.3.2.RELEASE.jar;C:\maven\apache-maven-3.6.3\respository_zhihu_real\org\springframework\boot\spring-boot-starter-logging\2.3.2.RELEASE\spring-boot-starter-logging-2.3.2.RELEASE.jar;C:\maven\apache-maven-3.6.3\respository_zhihu_real\ch\qos\logback\logback-classic\1.2.3\logback-classic-1.2.3.jar;C:\maven\apache-maven-3.6.3\respository_zhihu_real\ch\qos\logback\logback-core\1.2.3\logback-core-1.2.3.jar;C:\maven\apache-maven-3.6.3\respository_zhihu_real\org\apache\logging\log4j\log4j-to-slf4j\2.13.3\log4j-to-slf4j-2.13.3.jar;C:\maven\apache-maven-3.6.3\respository_zhihu_real\org\apache\logging\log4j\log4j-api\2.13.3\log4j-api-2.13.3.jar;C:\maven\apache-maven-3.6.3\respository_zhihu_real\org\slf4j\jul-to-slf4j\1.7.30\jul-to-slf4j-1.7.30.jar;C:\maven\apache-maven-3.6.3\respository_zhihu_real\jakarta\annotation\jakarta.annotation-api\1.3.5\jakarta.annotation-api-1.3.5.jar;C:\maven\apache-maven-3.6.3\respository_zhihu_real\org\yaml\snakeyaml\1.26\snakeyaml-1.26.jar;C:\maven\apache-maven-3.6.3\respository_zhihu_real\org\mybatis\spring\boot\mybatis-spring-boot-autoconfigure\2.1.3\mybatis-spring-boot-autoconfigure-2.1.3.jar;C:\maven\apache-maven-3.6.3\respository_zhihu_real\org\mybatis\mybatis\3.5.5\mybatis-3.5.5.jar;C:\maven\apache-maven-3.6.3\respository_zhihu_real\org\mybatis\mybatis-spring\2.0.5\mybatis-spring-2.0.5.jar;C:\maven\apache-maven-3.6.3\respository_zhihu_real\com\alibaba\druid\1.1.19\druid-1.1.19.jar;C:\maven\apache-maven-3.6.3\respository_zhihu_real\com\github\pagehelper\pagehelper-spring-boot-starter\1.2.5\pagehelper-spring-boot-starter-1.2.5.jar;C:\maven\apache-maven-3.6.3\respository_zhihu_real\com\github\pagehelper\pagehelper-spring-boot-autoconfigure\1.2.5\pagehelper-spring-boot-autoconfigure-1.2.5.jar;C:\maven\apache-maven-3.6.3\respository_zhihu_real\com\github\pagehelper\pagehelper\5.1.4\pagehelper-5.1.4.jar;C:\maven\apache-maven-3.6.3\respository_zhihu_real\com\github\jsqlparser\jsqlparser\1.0\jsqlparser-1.0.jar;C:\maven\apache-maven-3.6.3\respository_zhihu_real\org\springframework\boot\spring-boot-devtools\2.3.2.RELEASE\spring-boot-devtools-2.3.2.RELEASE.jar;C:\maven\apache-maven-3.6.3\respository_zhihu_real\org\springframework\boot\spring-boot\2.3.2.RELEASE\spring-boot-2.3.2.RELEASE.jar;C:\maven\apache-maven-3.6.3\respository_zhihu_real\org\springframework\spring-context\5.2.8.RELEASE\spring-context-5.2.8.RELEASE.jar;C:\maven\apache-maven-3.6.3\respository_zhihu_real\org\springframework\boot\spring-boot-autoconfigure\2.3.2.RELEASE\spring-boot-autoconfigure-2.3.2.RELEASE.jar;C:\maven\apache-maven-3.6.3\respository_zhihu_real\org\springframework\boot\spring-boot-starter-data-redis\2.3.2.RELEASE\spring-boot-starter-data-redis-2.3.2.RELEASE.jar;C:\maven\apache-maven-3.6.3\respository_zhihu_real\org\springframework\data\spring-data-redis\2.3.2.RELEASE\spring-data-redis-2.3.2.RELEASE.jar;C:\maven\apache-maven-3.6.3\respository_zhihu_real\org\springframework\data\spring-data-keyvalue\2.3.2.RELEASE\spring-data-keyvalue-2.3.2.RELEASE.jar;C:\maven\apache-maven-3.6.3\respository_zhihu_real\org\springframework\data\spring-data-commons\2.3.2.RELEASE\spring-data-commons-2.3.2.RELEASE.jar;C:\maven\apache-maven-3.6.3\respository_zhihu_real\org\springframework\spring-tx\5.2.8.RELEASE\spring-tx-5.2.8.RELEASE.jar;C:\maven\apache-maven-3.6.3\respository_zhihu_real\org\springframework\spring-oxm\5.2.8.RELEASE\spring-oxm-5.2.8.RELEASE.jar;C:\maven\apache-maven-3.6.3\respository_zhihu_real\org\slf4j\slf4j-api\1.7.30\slf4j-api-1.7.30.jar;C:\maven\apache-maven-3.6.3\respository_zhihu_real\io\lettuce\lettuce-core\5.3.2.RELEASE\lettuce-core-5.3.2.RELEASE.jar;C:\maven\apache-maven-3.6.3\respository_zhihu_real\io\netty\netty-common\4.1.51.Final\netty-common-4.1.51.Final.jar;C:\maven\apache-maven-3.6.3\respository_zhihu_real\io\netty\netty-handler\4.1.51.Final\netty-handler-4.1.51.Final.jar;C:\maven\apache-maven-3.6.3\respository_zhihu_real\io\netty\netty-resolver\4.1.51.Final\netty-resolver-4.1.51.Final.jar;C:\maven\apache-maven-3.6.3\respository_zhihu_real\io\netty\netty-buffer\4.1.51.Final\netty-buffer-4.1.51.Final.jar;C:\maven\apache-maven-3.6.3\respository_zhihu_real\io\netty\netty-codec\4.1.51.Final\netty-codec-4.1.51.Final.jar;C:\maven\apache-maven-3.6.3\respository_zhihu_real\io\netty\netty-transport\4.1.51.Final\netty-transport-4.1.51.Final.jar;C:\maven\apache-maven-3.6.3\respository_zhihu_real\io\projectreactor\reactor-core\3.3.8.RELEASE\reactor-core-3.3.8.RELEASE.jar;C:\maven\apache-maven-3.6.3\respository_zhihu_real\org\reactivestreams\reactive-streams\1.0.3\reactive-streams-1.0.3.jar;C:\maven\apache-maven-3.6.3\respository_zhihu_real\org\springframework\boot\spring-boot-starter-jdbc\2.3.2.RELEASE\spring-boot-starter-jdbc-2.3.2.RELEASE.jar;C:\maven\apache-maven-3.6.3\respository_zhihu_real\com\zaxxer\HikariCP\3.4.5\HikariCP-3.4.5.jar;C:\maven\apache-maven-3.6.3\respository_zhihu_real\org\springframework\spring-jdbc\5.2.8.RELEASE\spring-jdbc-5.2.8.RELEASE.jar;C:\maven\apache-maven-3.6.3\respository_zhihu_real\org\springframework\spring-beans\5.2.8.RELEASE\spring-beans-5.2.8.RELEASE.jar;C:\maven\apache-maven-3.6.3\respository_zhihu_real\mysql\mysql-connector-java\5.1.38\mysql-connector-java-5.1.38.jar;C:\maven\apache-maven-3.6.3\respository_zhihu_real\org\projectlombok\lombok\1.18.12\lombok-1.18.12.jar;C:\maven\apache-maven-3.6.3\respository_zhihu_real\org\springframework\boot\spring-boot-starter-test\2.3.2.RELEASE\spring-boot-starter-test-2.3.2.RELEASE.jar;C:\maven\apache-maven-3.6.3\respository_zhihu_real\org\springframework\boot\spring-boot-test\2.3.2.RELEASE\spring-boot-test-2.3.2.RELEASE.jar;C:\maven\apache-maven-3.6.3\respository_zhihu_real\org\springframework\boot\spring-boot-test-autoconfigure\2.3.2.RELEASE\spring-boot-test-autoconfigure-2.3.2.RELEASE.jar;C:\maven\apache-maven-3.6.3\respository_zhihu_real\com\jayway\jsonpath\json-path\2.4.0\json-path-2.4.0.jar;C:\maven\apache-maven-3.6.3\respository_zhihu_real\net\minidev\json-smart\2.3\json-smart-2.3.jar;C:\maven\apache-maven-3.6.3\respository_zhihu_real\net\minidev\accessors-smart\1.2\accessors-smart-1.2.jar;C:\maven\apache-maven-3.6.3\respository_zhihu_real\org\ow2\asm\asm\5.0.4\asm-5.0.4.jar;C:\maven\apache-maven-3.6.3\respository_zhihu_real\jakarta\xml\bind\jakarta.xml.bind-api\2.3.3\jakarta.xml.bind-api-2.3.3.jar;C:\maven\apache-maven-3.6.3\respository_zhihu_real\jakarta\activation\jakarta.activation-api\1.2.2\jakarta.activation-api-1.2.2.jar;C:\maven\apache-maven-3.6.3\respository_zhihu_real\org\assertj\assertj-core\3.16.1\assertj-core-3.16.1.jar;C:\maven\apache-maven-3.6.3\respository_zhihu_real\org\hamcrest\hamcrest\2.2\hamcrest-2.2.jar;C:\maven\apache-maven-3.6.3\respository_zhihu_real\org\junit\jupiter\junit-jupiter\5.6.2\junit-jupiter-5.6.2.jar;C:\maven\apache-maven-3.6.3\respository_zhihu_real\org\junit\jupiter\junit-jupiter-api\5.6.2\junit-jupiter-api-5.6.2.jar;C:\maven\apache-maven-3.6.3\respository_zhihu_real\org\apiguardian\apiguardian-api\1.1.0\apiguardian-api-1.1.0.jar;C:\maven\apache-maven-3.6.3\respository_zhihu_real\org\opentest4j\opentest4j\1.2.0\opentest4j-1.2.0.jar;C:\maven\apache-maven-3.6.3\respository_zhihu_real\org\junit\platform\junit-platform-commons\1.6.2\junit-platform-commons-1.6.2.jar;C:\maven\apache-maven-3.6.3\respository_zhihu_real\org\junit\jupiter\junit-jupiter-params\5.6.2\junit-jupiter-params-5.6.2.jar;C:\maven\apache-maven-3.6.3\respository_zhihu_real\org\junit\jupiter\junit-jupiter-engine\5.6.2\junit-jupiter-engine-5.6.2.jar;C:\maven\apache-maven-3.6.3\respository_zhihu_real\org\junit\platform\junit-platform-engine\1.6.2\junit-platform-engine-1.6.2.jar;C:\maven\apache-maven-3.6.3\respository_zhihu_real\org\mockito\mockito-core\3.3.3\mockito-core-3.3.3.jar;C:\maven\apache-maven-3.6.3\respository_zhihu_real\net\bytebuddy\byte-buddy\1.10.13\byte-buddy-1.10.13.jar;C:\maven\apache-maven-3.6.3\respository_zhihu_real\net\bytebuddy\byte-buddy-agent\1.10.13\byte-buddy-agent-1.10.13.jar;C:\maven\apache-maven-3.6.3\respository_zhihu_real\org\objenesis\objenesis\2.6\objenesis-2.6.jar;C:\maven\apache-maven-3.6.3\respository_zhihu_real\org\mockito\mockito-junit-jupiter\3.3.3\mockito-junit-jupiter-3.3.3.jar;C:\maven\apache-maven-3.6.3\respository_zhihu_real\org\skyscreamer\jsonassert\1.5.0\jsonassert-1.5.0.jar;C:\maven\apache-maven-3.6.3\respository_zhihu_real\com\vaadin\external\google\android-json\0.0.20131108.vaadin1\android-json-0.0.20131108.vaadin1.jar;C:\maven\apache-maven-3.6.3\respository_zhihu_real\org\springframework\spring-core\5.2.8.RELEASE\spring-core-5.2.8.RELEASE.jar;C:\maven\apache-maven-3.6.3\respository_zhihu_real\org\springframework\spring-jcl\5.2.8.RELEASE\spring-jcl-5.2.8.RELEASE.jar;C:\maven\apache-maven-3.6.3\respository_zhihu_real\org\springframework\spring-test\5.2.8.RELEASE\spring-test-5.2.8.RELEASE.jar;C:\maven\apache-maven-3.6.3\respository_zhihu_real\org\xmlunit\xmlunit-core\2.7.0\xmlunit-core-2.7.0.jar;C:\maven\apache-maven-3.6.3\respository_zhihu_real\org\springframework\boot\spring-boot-starter-aop\2.3.2.RELEASE\spring-boot-starter-aop-2.3.2.RELEASE.jar;C:\maven\apache-maven-3.6.3\respository_zhihu_real\org\springframework\spring-aop\5.2.8.RELEASE\spring-aop-5.2.8.RELEASE.jar;C:\maven\apache-maven-3.6.3\respository_zhihu_real\org\aspectj\aspectjweaver\1.9.6\aspectjweaver-1.9.6.jar;C:\maven\apache-maven-3.6.3\respository_zhihu_real\org\springframework\boot\spring-boot-starter-web\2.3.2.RELEASE\spring-boot-starter-web-2.3.2.RELEASE.jar;C:\maven\apache-maven-3.6.3\respository_zhihu_real\org\springframework\boot\spring-boot-starter-json\2.3.2.RELEASE\spring-boot-starter-json-2.3.2.RELEASE.jar;C:\maven\apache-maven-3.6.3\respository_zhihu_real\com\fasterxml\jackson\datatype\jackson-datatype-jdk8\2.11.1\jackson-datatype-jdk8-2.11.1.jar;C:\maven\apache-maven-3.6.3\respository_zhihu_real\com\fasterxml\jackson\datatype\jackson-datatype-jsr310\2.11.1\jackson-datatype-jsr310-2.11.1.jar;C:\maven\apache-maven-3.6.3\respository_zhihu_real\com\fasterxml\jackson\module\jackson-module-parameter-names\2.11.1\jackson-module-parameter-names-2.11.1.jar;C:\maven\apache-maven-3.6.3\respository_zhihu_real\org\springframework\boot\spring-boot-starter-tomcat\2.3.2.RELEASE\spring-boot-starter-tomcat-2.3.2.RELEASE.jar;C:\maven\apache-maven-3.6.3\respository_zhihu_real\org\apache\tomcat\embed\tomcat-embed-core\9.0.37\tomcat-embed-core-9.0.37.jar;C:\maven\apache-maven-3.6.3\respository_zhihu_real\org\glassfish\jakarta.el\3.0.3\jakarta.el-3.0.3.jar;C:\maven\apache-maven-3.6.3\respository_zhihu_real\org\apache\tomcat\embed\tomcat-embed-websocket\9.0.37\tomcat-embed-websocket-9.0.37.jar;C:\maven\apache-maven-3.6.3\respository_zhihu_real\org\springframework\spring-web\5.2.8.RELEASE\spring-web-5.2.8.RELEASE.jar;C:\maven\apache-maven-3.6.3\respository_zhihu_real\org\springframework\spring-webmvc\5.2.8.RELEASE\spring-webmvc-5.2.8.RELEASE.jar;C:\maven\apache-maven-3.6.3\respository_zhihu_real\org\springframework\spring-expression\5.2.8.RELEASE\spring-expression-5.2.8.RELEASE.jar;C:\maven\apache-maven-3.6.3\respository_zhihu_real\org\springframework\boot\spring-boot-starter-mail\2.3.2.RELEASE\spring-boot-starter-mail-2.3.2.RELEASE.jar;C:\maven\apache-maven-3.6.3\respository_zhihu_real\org\springframework\spring-context-support\5.2.8.RELEASE\spring-context-support-5.2.8.RELEASE.jar;C:\maven\apache-maven-3.6.3\respository_zhihu_real\com\sun\mail\jakarta.mail\1.6.5\jakarta.mail-1.6.5.jar;C:\maven\apache-maven-3.6.3\respository_zhihu_real\com\sun\activation\jakarta.activation\1.2.2\jakarta.activation-1.2.2.jar;"/>
    <property name="sun.cpu.endian" value="little"/>
    <property name="user.home" value="C:\Users\iamhe"/>
    <property name="user.language" value="zh"/>
    <property name="java.specification.vendor" value="Oracle Corporation"/>
    <property name="java.home" value="C:\Users\javapacks\jdk1.8.0_201\jre"/>
    <property name="basedir" value="C:\Users\iamhe\IdeaProjects\zhihu"/>
    <property name="file.separator" value="\"/>
    <property name="line.separator" value="&#10;"/>
    <property name="java.vm.specification.vendor" value="Oracle Corporation"/>
    <property name="java.specification.name" value="Java Platform API Specification"/>
    <property name="java.awt.graphicsenv" value="sun.awt.Win32GraphicsEnvironment"/>
    <property name="surefire.real.class.path" value="C:\Users\iamhe\AppData\Local\Temp\surefire5527805890074653061\surefirebooter2329310004057823115.jar"/>
    <property name="sun.boot.class.path" value="C:\Users\javapacks\jdk1.8.0_201\jre\lib\resources.jar;C:\Users\javapacks\jdk1.8.0_201\jre\lib\rt.jar;C:\Users\javapacks\jdk1.8.0_201\jre\lib\sunrsasign.jar;C:\Users\javapacks\jdk1.8.0_201\jre\lib\jsse.jar;C:\Users\javapacks\jdk1.8.0_201\jre\lib\jce.jar;C:\Users\javapacks\jdk1.8.0_201\jre\lib\charsets.jar;C:\Users\javapacks\jdk1.8.0_201\jre\lib\jfr.jar;C:\Users\javapacks\jdk1.8.0_201\jre\classes"/>
    <property name="user.script" value=""/>
    <property name="sun.management.compiler" value="HotSpot 64-Bit Tiered Compilers"/>
    <property name="java.runtime.version" value="1.8.0_201-b09"/>
    <property name="user.name" value="iamhe"/>
    <property name="path.separator" value=";"/>
    <property name="os.version" value="10.0"/>
    <property name="java.endorsed.dirs" value="C:\Users\javapacks\jdk1.8.0_201\jre\lib\endorsed"/>
    <property name="java.runtime.name" value="Java(TM) SE Runtime Environment"/>
    <property name="file.encoding" value="GBK"/>
    <property name="java.vm.name" value="Java HotSpot(TM) 64-Bit Server VM"/>
    <property name="localRepository" value="C:\maven\apache-maven-3.6.3\respository_zhihu_real"/>
    <property name="java.vendor.url.bug" value="http://bugreport.sun.com/bugreport/"/>
    <property name="java.io.tmpdir" value="C:\Users\iamhe\AppData\Local\Temp\"/>
    <property name="idea.version" value="2020.2.3"/>
    <property name="java.version" value="1.8.0_201"/>
    <property name="user.dir" value="C:\Users\iamhe\IdeaProjects\zhihu"/>
    <property name="os.arch" value="amd64"/>
    <property name="java.vm.specification.name" value="Java Virtual Machine Specification"/>
    <property name="java.awt.printerjob" value="sun.awt.windows.WPrinterJob"/>
    <property name="sun.os.patch.level" value=""/>
    <property name="java.library.path" value="C:\Users\javapacks\jdk1.8.0_201\jre\bin;C:\WINDOWS\Sun\Java\bin;C:\WINDOWS\system32;C:\WINDOWS;C:\Users\iamhe\Desktop\Xshell\;C:\Program Files (x86)\Intel\Intel(R) Management Engine Components\iCLS\;C:\Program Files\Intel\Intel(R) Management Engine Components\iCLS\;C:\Windows\system32;C:\Windows;C:\Windows\System32\Wbem;C:\Windows\System32\WindowsPowerShell\v1.0\;C:\Windows\System32\OpenSSH\;C:\Program Files (x86)\Intel\Intel(R) Management Engine Components\DAL;C:\Program Files\Intel\Intel(R) Management Engine Components\DAL;C:\Program Files (x86)\Intel\Intel(R) Management Engine Components\IPT;C:\Program Files\Intel\Intel(R) Management Engine Components\IPT;C:\Program Files (x86)\NVIDIA Corporation\PhysX\Common;C:\Program Files\NVIDIA Corporation\NVIDIA NvDLISR;C:\WINDOWS\system32;C:\WINDOWS;C:\WINDOWS\System32\Wbem;C:\WINDOWS\System32\WindowsPowerShell\v1.0\;C:\WINDOWS\System32\OpenSSH\;C:\Users\javapacks\mysql\bin;C:\Users\javapacks\jdk1.8.0_201\bin;C:\maven\apache-maven-3.6.3\bin;C:\Program Files\Git\cmd;&quot;;C:\Users\javapacks\apache-tomcat-8.0.39\lib;C:\Users\javapacks\apache-tomcat-8.0.39\bin;&quot;;C:\Users\iamhe\AppData\Local\Microsoft\WindowsApps;C:\Users\javapacks\jdk1.8.0_201\bin;;."/>
    <property name="java.vm.info" value="mixed mode"/>
    <property name="java.vendor" value="Oracle Corporation"/>
    <property name="java.vm.version" value="25.201-b09"/>
    <property name="java.ext.dirs" value="C:\Users\javapacks\jdk1.8.0_201\jre\lib\ext;C:\WINDOWS\Sun\Java\lib\ext"/>
    <property name="sun.io.unicode.encoding" value="UnicodeLittle"/>
    <property name="maven.repo.local" value="C:\maven\apache-maven-3.6.3\respository_zhihu_real"/>
    <property name="java.class.version" value="52.0"/>
  </properties>
  <testcase name="contextLoads" classname="com.yidong.zhihu.ZhihuApplicationTests" time="0.2"/>
</testsuite>